2018-04-13 18:03:19,767 INFO  [main] currency.RequestReceiver$ - 
localhost:8080 ON
2018-04-13 18:03:43,521 INFO  [default-akka.actor.default-dispatcher-5] currency.RequestReceiver$ - request:
{
  "data": [{
    "currencyFrom": "EUR",
    "currencyTo": "RUB",
    "valueFrom": 1.0
  }, {
    "currencyFrom": "USD",
    "currencyTo": "RUB",
    "valueFrom": 1.0
  }]
}
2018-04-13 18:03:43,568 INFO  [default-akka.actor.default-dispatcher-5] currency.RequestReceiver$ - answer:
{
  "data": [{
    "currencyFrom": "EUR",
    "currencyTo": "RUB",
    "valueFrom": 1.0,
    "valueTo": 76.47
  }, {
    "currencyFrom": "USD",
    "currencyTo": "RUB",
    "valueFrom": 1.0,
    "valueTo": 62.03
  }],
  "errorCode": 0,
  "errorMessage": "No errors"
}
2018-04-13 18:03:43,819 INFO  [default-akka.actor.default-dispatcher-3] currency.RequestReceiver$ - request:
{
  "data": [{
    "currencyFrom": "MDL",
    "currencyTo": "RUB",
    "valueFrom": 500.0
  }, {
    "currencyFrom": "USD",
    "currencyTo": "EUR",
    "valueFrom": 5.0
  }, {
    "currencyFrom": "USD",
    "currencyTo": "RUB",
    "valueFrom": 12.0
  }, {
    "currencyFrom": "RUB",
    "currencyTo": "RUB",
    "valueFrom": 8000.0
  }, {
    "currencyFrom": "EUR",
    "currencyTo": "USD",
    "valueFrom": 732.0
  }]
}
2018-04-13 18:03:43,824 INFO  [default-akka.actor.default-dispatcher-7] currency.RequestReceiver$ - answer:
{
  "data": [{
    "currencyFrom": "MDL",
    "currencyTo": "RUB",
    "valueFrom": 500.0,
    "valueTo": 1901.89
  }, {
    "currencyFrom": "USD",
    "currencyTo": "EUR",
    "valueFrom": 5.0,
    "valueTo": 4.06
  }, {
    "currencyFrom": "USD",
    "currencyTo": "RUB",
    "valueFrom": 12.0,
    "valueTo": 744.38
  }, {
    "currencyFrom": "RUB",
    "currencyTo": "RUB",
    "valueFrom": 8000.0,
    "valueTo": 8000.0
  }, {
    "currencyFrom": "EUR",
    "currencyTo": "USD",
    "valueFrom": 732.0,
    "valueTo": 902.37
  }],
  "errorCode": 0,
  "errorMessage": "No errors"
}
2018-04-13 18:03:43,843 INFO  [default-akka.actor.default-dispatcher-4] currency.RequestReceiver$ - request:
{
  "data": [{
    "currencyFrom": "EUR",
    "currencyTo": "RUB",
    "valueFrom": 200.0
  }, {
    "currencyFrom": "RUB",
    "currencyTo": "USD",
    "valueFrom": 515.34
  }, {
    "currencyFrom": "USD",
    "currencyTo": "RUB",
    "valueFrom": 1000.0
  }, {
    "currencyFrom": "RUB",
    "currencyTo": "EUR",
    "valueFrom": 3.5E+7
  }, {
    "currencyFrom": "EUR",
    "currencyTo": "EUR",
    "valueFrom": 1.0
  }, {
    "currencyFrom": "EUR",
    "currencyTo": "RUB",
    "valueFrom": 5.0
  }, {
    "currencyFrom": "RUB",
    "currencyTo": "USD",
    "valueFrom": 120000.0
  }, {
    "currencyFrom": "USD",
    "currencyTo": "RUB",
    "valueFrom": 50.7
  }, {
    "currencyFrom": "RUB",
    "currencyTo": "EUR",
    "valueFrom": 2.03
  }, {
    "currencyFrom": "EUR",
    "currencyTo": "EUR",
    "valueFrom": 88500.0
  }]
}
2018-04-13 18:03:43,847 INFO  [default-akka.actor.default-dispatcher-7] currency.RequestReceiver$ - answer:
{
  "data": [{
    "currencyFrom": "EUR",
    "currencyTo": "RUB",
    "valueFrom": 200.0,
    "valueTo": 15293.94
  }, {
    "currencyFrom": "RUB",
    "currencyTo": "USD",
    "valueFrom": 515.34,
    "valueTo": 8.31
  }, {
    "currencyFrom": "USD",
    "currencyTo": "RUB",
    "valueFrom": 1000.0,
    "valueTo": 62031.98
  }, {
    "currencyFrom": "RUB",
    "currencyTo": "EUR",
    "valueFrom": 3.5E+7,
    "valueTo": 457697.76
  }, {
    "currencyFrom": "EUR",
    "currencyTo": "EUR",
    "valueFrom": 1.0,
    "valueTo": 1.0
  }, {
    "currencyFrom": "EUR",
    "currencyTo": "RUB",
    "valueFrom": 5.0,
    "valueTo": 382.35
  }, {
    "currencyFrom": "RUB",
    "currencyTo": "USD",
    "valueFrom": 120000.0,
    "valueTo": 1934.49
  }, {
    "currencyFrom": "USD",
    "currencyTo": "RUB",
    "valueFrom": 50.7,
    "valueTo": 3145.02
  }, {
    "currencyFrom": "RUB",
    "currencyTo": "EUR",
    "valueFrom": 2.03,
    "valueTo": 0.03
  }, {
    "currencyFrom": "EUR",
    "currencyTo": "EUR",
    "valueFrom": 88500.0,
    "valueTo": 88500.0
  }],
  "errorCode": 0,
  "errorMessage": "No errors"
}
2018-04-13 18:03:43,856 INFO  [default-akka.actor.default-dispatcher-3] currency.RequestReceiver$ - request:
{
  "data": []
}
2018-04-13 18:03:43,860 INFO  [default-akka.actor.default-dispatcher-3] currency.RequestReceiver$ - answer:
{
  "data": [],
  "errorCode": 0,
  "errorMessage": "No errors"
}
2018-04-13 18:03:43,868 INFO  [default-akka.actor.default-dispatcher-8] currency.RequestReceiver$ - request:
{
  "data": [{
    "currencyFrom": "USD",
    "currencyTo": "RUB",
    "valueFrom": 3000.0
  }]
}
2018-04-13 18:03:43,869 INFO  [default-akka.actor.default-dispatcher-3] currency.RequestReceiver$ - answer:
{
  "data": [{
    "currencyFrom": "USD",
    "currencyTo": "RUB",
    "valueFrom": 3000.0,
    "valueTo": 186095.95
  }],
  "errorCode": 0,
  "errorMessage": "No errors"
}
2018-04-13 18:03:43,879 INFO  [default-akka.actor.default-dispatcher-7] currency.RequestReceiver$ - request:
{
  "data": [{
    "currencyFrom": "RUB",
    "currencyTo": "WRONG!",
    "valueFrom": 15.65
  }]
}
2018-04-13 18:03:43,881 INFO  [default-akka.actor.default-dispatcher-7] currency.RequestReceiver$ - answer:
{
  "data": [],
  "errorCode": 1,
  "errorMessage": "Undefiner Currency Error: key not found: WRONG!"
}
2018-04-13 18:03:43,890 INFO  [default-akka.actor.default-dispatcher-5] currency.RequestReceiver$ - request:
{
  "data": [{
    "currencyFrom": "RUB",
    "currencyTo": "USD",
    "SOME INCORRECT FIELD NAME": 15.65
  }]
}
2018-04-13 18:03:43,892 INFO  [default-akka.actor.default-dispatcher-4] currency.RequestReceiver$ - answer:
{
  "data": [],
  "errorCode": 2,
  "errorMessage": "Deserialization Error: Object is missing required member 'valueFrom'"
}
2018-04-13 18:03:43,906 INFO  [default-akka.actor.default-dispatcher-7] currency.RequestReceiver$ - request:
{
  "data": [{
    "currencyFrom": "RUB",
    "currencyTo": "USD",
    "valueFrom": "STRING INSTEAD OF DOUBLE"
  }]
}
2018-04-13 18:03:43,909 INFO  [default-akka.actor.default-dispatcher-8] currency.RequestReceiver$ - answer:
{
  "data": [],
  "errorCode": 2,
  "errorMessage": "Deserialization Error: Expected Double as JsNumber, but got \"STRING INSTEAD OF DOUBLE\""
}
2018-04-13 18:03:43,916 INFO  [default-akka.actor.default-dispatcher-5] currency.RequestReceiver$ - request:
{"data}}stringSsBROKEN!
2018-04-13 18:03:43,920 INFO  [default-akka.actor.default-dispatcher-8] currency.RequestReceiver$ - answer:
{
  "data": [],
  "errorCode": 3,
  "errorMessage": "Parsing Error: Unexpected end-of-input at input index 23 (line 1, position 24), expected '\"'"
}
2018-04-13 18:03:49,436 INFO  [main] currency.RequestReceiver$ - 
localhost:8080 OFF
